{
  "RSpec": {
    "coverage": {
      "/home/raghuveer/Desktop/sample/red_project/spec/controllers/products_controller_spec.rb": [
        1,
        1,
        1,
        null,
        1,
        1,
        1,
        1,
        1,
        null,
        null,
        null,
        1,
        1,
        1,
        2,
        null,
        1,
        1,
        1,
        null,
        null,
        1,
        1,
        2,
        null,
        1,
        1,
        1,
        null,
        null,
        null,
        null,
        null,
        null,
        1,
        1,
        1,
        1,
        null,
        null,
        1,
        1,
        1,
        null,
        null,
        null,
        null,
        1,
        1,
        null,
        1,
        1,
        null,
        1,
        1,
        1,
        null,
        null,
        null,
        null,
        null,
        null,
        1,
        1,
        6,
        null,
        1,
        1,
        1,
        1,
        null,
        1,
        1,
        null,
        1,
        1,
        1,
        1,
        null,
        1,
        1,
        1,
        null,
        null,
        1,
        1,
        1,
        1,
        null,
        1,
        1,
        null,
        1,
        1,
        1,
        1,
        null,
        1,
        1,
        1,
        null,
        null,
        null,
        null,
        null,
        null,
        null,
        null,
        1,
        1,
        2,
        null,
        null,
        1,
        2,
        null,
        1,
        1,
        1,
        null,
        null,
        null,
        null,
        null,
        null,
        null,
        null,
        null,
        null,
        null,
        null
      ],
      "/home/raghuveer/Desktop/sample/red_project/spec/rails_helper.rb": [
        null,
        1,
        1,
        1,
        1,
        1,
        null,
        null,
        null,
        null,
        null,
        null,
        null,
        null,
        1,
        null,
        1,
        null,
        1,
        null,
        null,
        null,
        null,
        1,
        null,
        null,
        null,
        null,
        null,
        null,
        null,
        null,
        null,
        null,
        null,
        null,
        null,
        null,
        1,
        null
      ],
      "/home/raghuveer/Desktop/sample/red_project/config/environment.rb": [
        null,
        1,
        null,
        null,
        1
      ],
      "/home/raghuveer/Desktop/sample/red_project/config/application.rb": [
        1,
        null,
        1,
        null,
        1,
        null,
        1,
        null,
        null,
        null,
        null,
        1,
        1,
        null,
        null,
        null,
        null,
        null,
        null,
        null,
        null,
        null,
        null,
        null,
        null,
        null,
        null,
        null,
        null,
        null,
        null,
        null,
        null,
        null,
        null,
        null,
        1,
        null,
        null,
        1,
        null,
        null,
        1,
        null,
        null,
        null,
        null,
        null,
        null,
        null,
        null,
        null,
        null,
        1,
        null,
        null,
        1,
        null,
        null,
        1,
        null,
        null
      ],
      "/home/raghuveer/Desktop/sample/red_project/config/boot.rb": [
        1,
        null,
        null,
        1,
        null,
        1
      ],
      "/home/raghuveer/Desktop/sample/red_project/config/environments/test.rb": [
        1,
        null,
        null,
        null,
        null,
        null,
        null,
        1,
        null,
        null,
        1,
        1,
        null,
        null,
        1,
        null,
        null,
        1,
        1,
        null,
        null,
        1,
        null,
        null,
        1,
        null,
        null,
        null,
        null,
        1,
        null,
        null,
        1,
        null,
        null,
        1,
        null
      ],
      "/home/raghuveer/Desktop/sample/red_project/config/initializers/backtrace_silencers.rb": [
        null,
        null,
        null,
        null,
        null,
        null,
        null
      ],
      "/home/raghuveer/Desktop/sample/red_project/config/initializers/inflections.rb": [
        null,
        null,
        null,
        null,
        null,
        null,
        null,
        null,
        null,
        null,
        null,
        null,
        null,
        null,
        null
      ],
      "/home/raghuveer/Desktop/sample/red_project/config/initializers/mime_types.rb": [
        null,
        null,
        null,
        null,
        null
      ],
      "/home/raghuveer/Desktop/sample/red_project/config/initializers/secret_token.rb": [
        null,
        null,
        null,
        null,
        null,
        null,
        1
      ],
      "/home/raghuveer/Desktop/sample/red_project/config/initializers/session_store.rb": [
        null,
        null,
        1,
        null,
        null,
        null,
        null,
        null
      ],
      "/home/raghuveer/Desktop/sample/red_project/config/initializers/wrap_parameters.rb": [
        null,
        null,
        null,
        null,
        null,
        null,
        1,
        1,
        null,
        null,
        null,
        1,
        1,
        null
      ],
      "/home/raghuveer/Desktop/sample/red_project/app/controllers/application_controller.rb": [
        1,
        1,
        null
      ],
      "/home/raghuveer/Desktop/sample/red_project/app/helpers/application_helper.rb": [
        1,
        null
      ],
      "/home/raghuveer/Desktop/sample/red_project/app/helpers/products_helper.rb": [
        1,
        null
      ],
      "/home/raghuveer/Desktop/sample/red_project/app/controllers/products_controller.rb": [
        1,
        null,
        1,
        1,
        null,
        null,
        1,
        4,
        4,
        2,
        null,
        2,
        null,
        null,
        null,
        1,
        2,
        null,
        null,
        null,
        1,
        1,
        null,
        null,
        null,
        1,
        1,
        null,
        null,
        1,
        6,
        6,
        4,
        null,
        2,
        null,
        null,
        null,
        1,
        2,
        2,
        2,
        null,
        null,
        null,
        null
      ],
      "/home/raghuveer/Desktop/sample/red_project/app/models/product.rb": [
        1,
        1,
        null,
        null,
        1,
        1,
        1,
        1,
        null,
        null,
        null,
        null,
        null,
        null,
        null,
        null,
        null,
        1,
        null,
        2,
        1,
        null,
        null,
        null,
        null
      ],
      "/home/raghuveer/Desktop/sample/red_project/spec/factories/products.rb": [
        1,
        1,
        1,
        1,
        null,
        1,
        1,
        11,
        11,
        11,
        null,
        null,
        1,
        1,
        1,
        1,
        null,
        null
      ],
      "/home/raghuveer/Desktop/sample/red_project/config/routes.rb": [
        1,
        null,
        1,
        null,
        1,
        null,
        1,
        1,
        null,
        1,
        1,
        null,
        1,
        1,
        null,
        null,
        null,
        1,
        1,
        null,
        1,
        1,
        null,
        null,
        null,
        null,
        null,
        null,
        null,
        null,
        null,
        null,
        null,
        null,
        null,
        null,
        null,
        null,
        null,
        null,
        null,
        null,
        null,
        null,
        null,
        null,
        null,
        null,
        null,
        null,
        null,
        null,
        null,
        null,
        null,
        null,
        null,
        null,
        null,
        null,
        null,
        null,
        null,
        null,
        null,
        null,
        null,
        null,
        null,
        null,
        null,
        null,
        null,
        null,
        null,
        null,
        null,
        null,
        null,
        null,
        null
      ],
      "/home/raghuveer/Desktop/sample/red_project/spec/models/product_spec.rb": [
        1,
        1,
        1,
        null,
        null,
        null,
        null,
        null,
        null,
        null,
        null,
        null,
        1,
        1,
        1,
        null,
        null,
        null,
        null,
        1,
        2,
        2,
        2,
        2,
        null,
        null,
        null,
        null,
        null,
        null,
        null,
        null,
        null,
        null,
        null,
        null,
        null,
        null,
        null,
        null,
        null,
        null,
        null,
        null,
        null,
        null,
        null,
        null,
        null,
        null,
        null,
        null,
        null,
        null,
        1,
        null,
        1,
        1,
        1,
        null,
        null,
        null,
        null
      ],
      "/home/raghuveer/Desktop/sample/red_project/spec/views/products/edit.html.erb_spec.rb": [
        1,
        1,
        1,
        null,
        1,
        1,
        1,
        null,
        1,
        1,
        1,
        1,
        null,
        null
      ],
      "/home/raghuveer/Desktop/sample/red_project/spec/views/products/index.html.erb_spec.rb": [
        1,
        1,
        1,
        null,
        1,
        1,
        1,
        1,
        1,
        1,
        1,
        1,
        1,
        1,
        null,
        null,
        1,
        1,
        null,
        null,
        null,
        null,
        null,
        null,
        null
      ],
      "/home/raghuveer/Desktop/sample/red_project/spec/views/products/new.html.erb_spec.rb": [
        1,
        1,
        1,
        null,
        1,
        1,
        1,
        null,
        1,
        1,
        null,
        null
      ],
      "/home/raghuveer/Desktop/sample/red_project/spec/views/products/show.html.erb_spec.rb": [
        1,
        1,
        1,
        null,
        1,
        1,
        1,
        null,
        null
      ],
      "/home/raghuveer/Desktop/sample/red_project/spec/warnings_spec.rb": [
        1,
        1,
        null,
        1,
        1,
        22,
        null,
        null,
        1,
        1,
        6,
        null,
        2,
        2,
        2,
        null,
        null,
        2,
        2,
        2,
        null,
        null,
        null,
        1,
        1,
        null,
        null,
        1,
        2,
        2,
        2,
        null,
        null,
        2,
        2,
        2,
        null,
        null,
        2,
        2,
        2,
        null,
        null,
        null,
        1,
        1,
        1,
        1,
        null,
        null,
        1,
        null,
        null,
        1,
        1,
        null,
        null
      ]
    },
    "timestamp": 1403951828
  }
}
